<?xml version="1.0" encoding="UTF-8"?>
<testsuite xmlns:xsi="http://www.w3.org/2001/XMLSchema-instance" xsi:noNamespaceSchemaLocation="https://maven.apache.org/surefire/maven-surefire-plugin/xsd/surefire-test-report-3.0.xsd" version="3.0" name="server.MergeSortTaskTest" time="0.184" tests="5" errors="0" skipped="0" failures="0">
  <properties>
[...]
</properties>
  <testcase name="testSortSliceOfArray" classname="server.MergeSortTaskTest" time="0.075"/>
  <testcase name="testOriginalArrayUnmodified" classname="server.MergeSortTaskTest" time="0.031"/>
  <testcase name="testSortEntireArray" classname="server.MergeSortTaskTest" time="0.002"/>
  <testcase name="testSortSingleElement" classname="server.MergeSortTaskTest" time="0.003"/>
  <testcase name="testSortAlreadySortedArray" classname="server.MergeSortTaskTest" time="0.004"/>
</testsuite>